<?xml version="1.0" encoding="UTF-8"?>
<!-- Generated by org.testng.reporters.JUnitReportReporter -->
<testsuite hostname="DESKTOP-459Q61M" failures="0" tests="1" name="tests.HomeTest" time="2.116" errors="0" timestamp="2024-07-26T05:42:41 EET" skipped="0">
  <testcase classname="tests.HomeTest" name="loginToMyAdmin" time="2.116"/>
</testsuite> <!-- tests.HomeTest -->
